{"name":"hexo","hostname":"brian.local","pid":23544,"level":50,"msg":"Local hexo not found in \u001b[35m~/workspace/blog\u001b[39m","time":"2018-08-29T12:00:33.086Z","v":0}
{"name":"hexo","hostname":"brian.local","pid":23544,"level":50,"msg":"Try running: 'npm install hexo --save'","time":"2018-08-29T12:00:33.088Z","v":0}
{"name":"hexo","hostname":"brian.local","pid":23547,"level":50,"msg":"Local hexo not found in \u001b[35m~/workspace/blog\u001b[39m","time":"2018-08-29T12:00:42.114Z","v":0}
{"name":"hexo","hostname":"brian.local","pid":23547,"level":50,"msg":"Try running: 'npm install hexo --save'","time":"2018-08-29T12:00:42.116Z","v":0}
{"name":"hexo","hostname":"brian.local","pid":23583,"level":20,"msg":"Hexo version: \u001b[35m3.7.1\u001b[39m","time":"2018-08-29T12:02:21.186Z","v":0}
{"name":"hexo","hostname":"brian.local","pid":23583,"level":20,"msg":"Working directory: \u001b[35m~/workspace/blog/\u001b[39m","time":"2018-08-29T12:02:21.192Z","v":0}
{"name":"hexo","hostname":"brian.local","pid":23583,"level":20,"msg":"Config loaded: \u001b[35m~/workspace/blog/_config.yml\u001b[39m","time":"2018-08-29T12:02:21.284Z","v":0}
{"name":"hexo","hostname":"brian.local","pid":23583,"level":20,"msg":"Plugin loaded: \u001b[35mhexo-admin\u001b[39m","time":"2018-08-29T12:02:21.344Z","v":0}
{"name":"hexo","hostname":"brian.local","pid":23583,"level":20,"msg":"Plugin loaded: \u001b[35mhexo-generator-archive\u001b[39m","time":"2018-08-29T12:02:21.349Z","v":0}
{"name":"hexo","hostname":"brian.local","pid":23583,"level":20,"msg":"Plugin loaded: \u001b[35mhexo-generator-index\u001b[39m","time":"2018-08-29T12:02:21.351Z","v":0}
{"name":"hexo","hostname":"brian.local","pid":23583,"level":20,"msg":"Plugin loaded: \u001b[35mhexo-generator-category\u001b[39m","time":"2018-08-29T12:02:21.352Z","v":0}
{"name":"hexo","hostname":"brian.local","pid":23583,"level":20,"msg":"Plugin loaded: \u001b[35mhexo-generator-tag\u001b[39m","time":"2018-08-29T12:02:21.354Z","v":0}
{"name":"hexo","hostname":"brian.local","pid":23583,"level":20,"msg":"Plugin loaded: \u001b[35mhexo-renderer-ejs\u001b[39m","time":"2018-08-29T12:02:21.357Z","v":0}
{"name":"hexo","hostname":"brian.local","pid":23583,"level":20,"msg":"Plugin loaded: \u001b[35mhexo-renderer-marked\u001b[39m","time":"2018-08-29T12:02:21.363Z","v":0}
{"name":"hexo","hostname":"brian.local","pid":23583,"level":20,"msg":"Plugin loaded: \u001b[35mhexo-server\u001b[39m","time":"2018-08-29T12:02:21.406Z","v":0}
{"name":"hexo","hostname":"brian.local","pid":23583,"level":20,"msg":"Plugin loaded: \u001b[35mhexo-renderer-stylus\u001b[39m","time":"2018-08-29T12:02:21.408Z","v":0}
{"name":"hexo","hostname":"brian.local","pid":23583,"level":20,"msg":"Plugin loaded: \u001b[35mhexo-deployer-git\u001b[39m","time":"2018-08-29T12:02:21.431Z","v":0}
{"name":"hexo","hostname":"brian.local","pid":23583,"level":30,"msg":"Deleted database.","time":"2018-08-29T12:02:21.434Z","v":0}
{"name":"hexo","hostname":"brian.local","pid":23583,"level":30,"msg":"Deleted public folder.","time":"2018-08-29T12:02:21.443Z","v":0}
{"name":"hexo","hostname":"brian.local","pid":23583,"level":20,"msg":"Database saved","time":"2018-08-29T12:02:21.445Z","v":0}
{"name":"hexo","hostname":"brian.local","pid":23615,"level":50,"msg":"Local hexo not found in \u001b[35m~/workspace/blog\u001b[39m","time":"2018-08-29T12:04:23.180Z","v":0}
{"name":"hexo","hostname":"brian.local","pid":23615,"level":50,"msg":"Try running: 'npm install hexo --save'","time":"2018-08-29T12:04:23.182Z","v":0}
{"name":"hexo","hostname":"brian.local","pid":23616,"level":50,"msg":"Local hexo not found in \u001b[35m~/workspace/blog\u001b[39m","time":"2018-08-29T12:04:31.134Z","v":0}
{"name":"hexo","hostname":"brian.local","pid":23616,"level":50,"msg":"Try running: 'npm install hexo --save'","time":"2018-08-29T12:04:31.136Z","v":0}
